<?xml version="1.0" encoding="UTF-8"?>
<testsuite name="io.ktor.samples.testable.tests.ApplicationTest" tests="1" skipped="0" failures="0" errors="0" timestamp="2018-03-19T12:31:27" hostname="Kawakaze" time="0.494">
  <properties/>
  <testcase name="testRequest" classname="io.ktor.samples.testable.tests.ApplicationTest" time="0.494"/>
  <system-out><![CDATA[]]></system-out>
  <system-err><![CDATA[]]></system-err>
</testsuite>
